{
  "RSpec": {
    "coverage": {
      "C:/Users/AC-PEDRO/ror_exampls/NoAzul/app/helpers/application_helper.rb": [
        1,
        null
      ],
      "C:/Users/AC-PEDRO/ror_exampls/NoAzul/app/helpers/finance_record_helper.rb": [
        1,
        null
      ],
      "C:/Users/AC-PEDRO/ror_exampls/NoAzul/app/controllers/finance_record_controller.rb": [
        1,
        1,
        1,
        null,
        null,
        null,
        1,
        1,
        4,
        null,
        null,
        null,
        1,
        null,
        null,
        null,
        1,
        2,
        1,
        null,
        1,
        null,
        null,
        null,
        1,
        1,
        2,
        null,
        null,
        1,
        3,
        null,
        null
      ],
      "C:/Users/AC-PEDRO/ror_exampls/NoAzul/app/controllers/application_controller.rb": [
        1,
        null,
        null,
        1,
        null
      ],
      "C:/Users/AC-PEDRO/ror_exampls/NoAzul/app/models/finance_record.rb": [
        1,
        1,
        1,
        1,
        null,
        1,
        2,
        null,
        null,
        2,
        2,
        4,
        4,
        4,
        4,
        3,
        3,
        null
      ]
    },
    "timestamp": 1392052729
  }
}
